{"C:\\Users\\AlaaA\\Documents\\fend2\\travelApp\\src\\client\\js\\formValidation.js": {"path":"C:\\Users\\AlaaA\\Documents\\fend2\\travelApp\\src\\client\\js\\formValidation.js","statementMap":{"0":{"start":{"line":1,"column":8},"end":{"line":1,"column":18}},"1":{"start":{"line":2,"column":18},"end":{"line":2,"column":142}},"2":{"start":{"line":4,"column":24},"end":{"line":4,"column":61}},"3":{"start":{"line":5,"column":24},"end":{"line":5,"column":61}},"4":{"start":{"line":6,"column":25},"end":{"line":6,"column":67}},"5":{"start":{"line":7,"column":29},"end":{"line":7,"column":68}},"6":{"start":{"line":10,"column":34},"end":{"line":14,"column":1}},"7":{"start":{"line":12,"column":1},"end":{"line":12,"column":54}},"8":{"start":{"line":13,"column":1},"end":{"line":13,"column":54}},"9":{"start":{"line":16,"column":40},"end":{"line":18,"column":1}},"10":{"start":{"line":17,"column":1},"end":{"line":17,"column":60}},"11":{"start":{"line":20,"column":28},"end":{"line":54,"column":1}},"12":{"start":{"line":22,"column":21},"end":{"line":22,"column":64}},"13":{"start":{"line":25,"column":1},"end":{"line":27,"column":2}},"14":{"start":{"line":26,"column":2},"end":{"line":26,"column":110}},"15":{"start":{"line":30,"column":1},"end":{"line":32,"column":2}},"16":{"start":{"line":31,"column":2},"end":{"line":31,"column":114}},"17":{"start":{"line":35,"column":1},"end":{"line":37,"column":2}},"18":{"start":{"line":36,"column":2},"end":{"line":36,"column":118}},"19":{"start":{"line":41,"column":1},"end":{"line":53,"column":2}},"20":{"start":{"line":42,"column":2},"end":{"line":42,"column":25}},"21":{"start":{"line":43,"column":2},"end":{"line":43,"column":26}},"22":{"start":{"line":45,"column":2},"end":{"line":45,"column":45}},"23":{"start":{"line":47,"column":2},"end":{"line":47,"column":15}},"24":{"start":{"line":51,"column":2},"end":{"line":51,"column":48}},"25":{"start":{"line":52,"column":2},"end":{"line":52,"column":14}}},"fnMap":{"0":{"name":"(anonymous_0)","decl":{"start":{"line":10,"column":34},"end":{"line":10,"column":35}},"loc":{"start":{"line":10,"column":40},"end":{"line":14,"column":1}},"line":10},"1":{"name":"(anonymous_1)","decl":{"start":{"line":16,"column":40},"end":{"line":16,"column":41}},"loc":{"start":{"line":16,"column":45},"end":{"line":18,"column":1}},"line":16},"2":{"name":"(anonymous_2)","decl":{"start":{"line":20,"column":28},"end":{"line":20,"column":29}},"loc":{"start":{"line":20,"column":37},"end":{"line":54,"column":1}},"line":20}},"branchMap":{"0":{"loc":{"start":{"line":25,"column":1},"end":{"line":27,"column":2}},"type":"if","locations":[{"start":{"line":25,"column":1},"end":{"line":27,"column":2}},{"start":{"line":25,"column":1},"end":{"line":27,"column":2}}],"line":25},"1":{"loc":{"start":{"line":25,"column":4},"end":{"line":25,"column":81}},"type":"binary-expr","locations":[{"start":{"line":25,"column":4},"end":{"line":25,"column":49}},{"start":{"line":25,"column":53},"end":{"line":25,"column":81}}],"line":25},"2":{"loc":{"start":{"line":30,"column":1},"end":{"line":32,"column":2}},"type":"if","locations":[{"start":{"line":30,"column":1},"end":{"line":32,"column":2}},{"start":{"line":30,"column":1},"end":{"line":32,"column":2}}],"line":30},"3":{"loc":{"start":{"line":35,"column":1},"end":{"line":37,"column":2}},"type":"if","locations":[{"start":{"line":35,"column":1},"end":{"line":37,"column":2}},{"start":{"line":35,"column":1},"end":{"line":37,"column":2}}],"line":35},"4":{"loc":{"start":{"line":41,"column":1},"end":{"line":53,"column":2}},"type":"if","locations":[{"start":{"line":41,"column":1},"end":{"line":53,"column":2}},{"start":{"line":41,"column":1},"end":{"line":53,"column":2}}],"line":41}},"s":{"0":1,"1":1,"2":1,"3":1,"4":1,"5":1,"6":1,"7":0,"8":0,"9":1,"10":0,"11":1,"12":1,"13":1,"14":0,"15":1,"16":0,"17":1,"18":0,"19":1,"20":1,"21":1,"22":1,"23":1,"24":0,"25":0},"f":{"0":0,"1":0,"2":1},"b":{"0":[0,1],"1":[1,0],"2":[0,1],"3":[0,1],"4":[1,0]},"_coverageSchema":"1a1c01bbd47fc00a2c39e90264f33305004495a9","hash":"2a742853c289ecd5cb95d74a73d53c4dc14d7bf4"}
,"C:\\Users\\AlaaA\\Documents\\fend2\\travelApp\\src\\server\\api.js": {"path":"C:\\Users\\AlaaA\\Documents\\fend2\\travelApp\\src\\server\\api.js","statementMap":{"0":{"start":{"line":1,"column":0},"end":{"line":6,"column":2}},"1":{"start":{"line":8,"column":14},"end":{"line":8,"column":35}},"2":{"start":{"line":11,"column":0},"end":{"line":11,"column":26}},"3":{"start":{"line":12,"column":20},"end":{"line":12,"column":44}},"4":{"start":{"line":13,"column":22},"end":{"line":13,"column":48}},"5":{"start":{"line":14,"column":30},"end":{"line":14,"column":64}},"6":{"start":{"line":15,"column":19},"end":{"line":15,"column":42}},"7":{"start":{"line":20,"column":11},"end":{"line":20,"column":95}},"8":{"start":{"line":21,"column":16},"end":{"line":21,"column":34}},"9":{"start":{"line":22,"column":12},"end":{"line":22,"column":33}},"10":{"start":{"line":24,"column":1},"end":{"line":26,"column":2}},"11":{"start":{"line":25,"column":2},"end":{"line":25,"column":42}},"12":{"start":{"line":28,"column":1},"end":{"line":33,"column":2}},"13":{"start":{"line":30,"column":2},"end":{"line":30,"column":115}},"14":{"start":{"line":32,"column":2},"end":{"line":32,"column":37}},"15":{"start":{"line":38,"column":11},"end":{"line":38,"column":100}},"16":{"start":{"line":39,"column":16},"end":{"line":39,"column":34}},"17":{"start":{"line":40,"column":12},"end":{"line":40,"column":33}},"18":{"start":{"line":43,"column":1},"end":{"line":45,"column":2}},"19":{"start":{"line":44,"column":2},"end":{"line":44,"column":42}},"20":{"start":{"line":47,"column":1},"end":{"line":58,"column":2}},"21":{"start":{"line":48,"column":2},"end":{"line":48,"column":39}},"22":{"start":{"line":50,"column":2},"end":{"line":57,"column":3}},"23":{"start":{"line":51,"column":3},"end":{"line":56,"column":4}},"24":{"start":{"line":52,"column":4},"end":{"line":55,"column":91}},"25":{"start":{"line":65,"column":11},"end":{"line":65,"column":127}},"26":{"start":{"line":66,"column":16},"end":{"line":66,"column":34}},"27":{"start":{"line":67,"column":12},"end":{"line":67,"column":33}},"28":{"start":{"line":69,"column":1},"end":{"line":71,"column":2}},"29":{"start":{"line":70,"column":2},"end":{"line":70,"column":42}},"30":{"start":{"line":73,"column":1},"end":{"line":83,"column":2}},"31":{"start":{"line":74,"column":2},"end":{"line":74,"column":36}},"32":{"start":{"line":77,"column":16},"end":{"line":77,"column":74}},"33":{"start":{"line":78,"column":2},"end":{"line":78,"column":43}},"34":{"start":{"line":79,"column":16},"end":{"line":79,"column":74}},"35":{"start":{"line":80,"column":2},"end":{"line":80,"column":43}},"36":{"start":{"line":82,"column":2},"end":{"line":82,"column":29}},"37":{"start":{"line":90,"column":15},"end":{"line":90,"column":58}},"38":{"start":{"line":91,"column":16},"end":{"line":91,"column":54}},"39":{"start":{"line":92,"column":12},"end":{"line":92,"column":33}},"40":{"start":{"line":95,"column":1},"end":{"line":98,"column":2}},"41":{"start":{"line":97,"column":2},"end":{"line":97,"column":89}},"42":{"start":{"line":100,"column":1},"end":{"line":107,"column":2}},"43":{"start":{"line":102,"column":2},"end":{"line":102,"column":74}},"44":{"start":{"line":106,"column":2},"end":{"line":106,"column":115}}},"fnMap":{"0":{"name":"getDestinationInfo","decl":{"start":{"line":18,"column":15},"end":{"line":18,"column":33}},"loc":{"start":{"line":18,"column":44},"end":{"line":34,"column":1}},"line":18},"1":{"name":"getFirstDayWeather","decl":{"start":{"line":37,"column":15},"end":{"line":37,"column":33}},"loc":{"start":{"line":37,"column":50},"end":{"line":59,"column":1}},"line":37},"2":{"name":"getWeather","decl":{"start":{"line":63,"column":15},"end":{"line":63,"column":25}},"loc":{"start":{"line":63,"column":49},"end":{"line":84,"column":1}},"line":63},"3":{"name":"getDestinationImg","decl":{"start":{"line":88,"column":15},"end":{"line":88,"column":32}},"loc":{"start":{"line":88,"column":43},"end":{"line":108,"column":1}},"line":88}},"branchMap":{"0":{"loc":{"start":{"line":24,"column":1},"end":{"line":26,"column":2}},"type":"if","locations":[{"start":{"line":24,"column":1},"end":{"line":26,"column":2}},{"start":{"line":24,"column":1},"end":{"line":26,"column":2}}],"line":24},"1":{"loc":{"start":{"line":28,"column":1},"end":{"line":33,"column":2}},"type":"if","locations":[{"start":{"line":28,"column":1},"end":{"line":33,"column":2}},{"start":{"line":28,"column":1},"end":{"line":33,"column":2}}],"line":28},"2":{"loc":{"start":{"line":43,"column":1},"end":{"line":45,"column":2}},"type":"if","locations":[{"start":{"line":43,"column":1},"end":{"line":45,"column":2}},{"start":{"line":43,"column":1},"end":{"line":45,"column":2}}],"line":43},"3":{"loc":{"start":{"line":47,"column":1},"end":{"line":58,"column":2}},"type":"if","locations":[{"start":{"line":47,"column":1},"end":{"line":58,"column":2}},{"start":{"line":47,"column":1},"end":{"line":58,"column":2}}],"line":47},"4":{"loc":{"start":{"line":51,"column":3},"end":{"line":56,"column":4}},"type":"if","locations":[{"start":{"line":51,"column":3},"end":{"line":56,"column":4}},{"start":{"line":51,"column":3},"end":{"line":56,"column":4}}],"line":51},"5":{"loc":{"start":{"line":69,"column":1},"end":{"line":71,"column":2}},"type":"if","locations":[{"start":{"line":69,"column":1},"end":{"line":71,"column":2}},{"start":{"line":69,"column":1},"end":{"line":71,"column":2}}],"line":69},"6":{"loc":{"start":{"line":73,"column":1},"end":{"line":83,"column":2}},"type":"if","locations":[{"start":{"line":73,"column":1},"end":{"line":83,"column":2}},{"start":{"line":73,"column":1},"end":{"line":83,"column":2}}],"line":73},"7":{"loc":{"start":{"line":95,"column":1},"end":{"line":98,"column":2}},"type":"if","locations":[{"start":{"line":95,"column":1},"end":{"line":98,"column":2}},{"start":{"line":95,"column":1},"end":{"line":98,"column":2}}],"line":95},"8":{"loc":{"start":{"line":100,"column":1},"end":{"line":107,"column":2}},"type":"if","locations":[{"start":{"line":100,"column":1},"end":{"line":107,"column":2}},{"start":{"line":100,"column":1},"end":{"line":107,"column":2}}],"line":100}},"s":{"0":1,"1":1,"2":1,"3":1,"4":1,"5":1,"6":1,"7":0,"8":0,"9":0,"10":0,"11":0,"12":0,"13":0,"14":0,"15":0,"16":0,"17":0,"18":0,"19":0,"20":0,"21":0,"22":0,"23":0,"24":0,"25":0,"26":0,"27":0,"28":0,"29":0,"30":0,"31":0,"32":0,"33":0,"34":0,"35":0,"36":0,"37":0,"38":0,"39":0,"40":0,"41":0,"42":0,"43":0,"44":0},"f":{"0":0,"1":0,"2":0,"3":0},"b":{"0":[0,0],"1":[0,0],"2":[0,0],"3":[0,0],"4":[0,0],"5":[0,0],"6":[0,0],"7":[0,0],"8":[0,0]},"_coverageSchema":"1a1c01bbd47fc00a2c39e90264f33305004495a9","hash":"86b9383918bab829cde3060905271d4957ead8a2"}
,"C:\\Users\\AlaaA\\Documents\\fend2\\travelApp\\src\\server\\routes.js": {"path":"C:\\Users\\AlaaA\\Documents\\fend2\\travelApp\\src\\server\\routes.js","statementMap":{"0":{"start":{"line":1,"column":0},"end":{"line":1,"column":39}},"1":{"start":{"line":3,"column":17},"end":{"line":3,"column":36}},"2":{"start":{"line":6,"column":16},"end":{"line":6,"column":34}},"3":{"start":{"line":10,"column":12},"end":{"line":10,"column":21}},"4":{"start":{"line":13,"column":19},"end":{"line":13,"column":41}},"5":{"start":{"line":14,"column":14},"end":{"line":14,"column":35}},"6":{"start":{"line":17,"column":0},"end":{"line":17,"column":32}},"7":{"start":{"line":18,"column":0},"end":{"line":18,"column":27}},"8":{"start":{"line":21,"column":0},"end":{"line":23,"column":2}},"9":{"start":{"line":22,"column":1},"end":{"line":22,"column":33}},"10":{"start":{"line":25,"column":0},"end":{"line":75,"column":2}},"11":{"start":{"line":27,"column":1},"end":{"line":74,"column":2}},"12":{"start":{"line":30,"column":13},"end":{"line":30,"column":15}},"13":{"start":{"line":47,"column":2},"end":{"line":47,"column":79}},"14":{"start":{"line":48,"column":2},"end":{"line":48,"column":67}},"15":{"start":{"line":51,"column":2},"end":{"line":54,"column":3}},"16":{"start":{"line":52,"column":3},"end":{"line":52,"column":92}},"17":{"start":{"line":53,"column":3},"end":{"line":53,"column":39}},"18":{"start":{"line":57,"column":2},"end":{"line":57,"column":104}},"19":{"start":{"line":58,"column":2},"end":{"line":58,"column":61}},"20":{"start":{"line":61,"column":2},"end":{"line":61,"column":74}},"21":{"start":{"line":62,"column":2},"end":{"line":62,"column":76}},"22":{"start":{"line":64,"column":2},"end":{"line":66,"column":3}},"23":{"start":{"line":65,"column":3},"end":{"line":65,"column":110}},"24":{"start":{"line":69,"column":2},"end":{"line":69,"column":16}},"25":{"start":{"line":73,"column":2},"end":{"line":73,"column":45}},"26":{"start":{"line":77,"column":0},"end":{"line":77,"column":21}}},"fnMap":{"0":{"name":"(anonymous_0)","decl":{"start":{"line":21,"column":13},"end":{"line":21,"column":14}},"loc":{"start":{"line":21,"column":32},"end":{"line":23,"column":1}},"line":21},"1":{"name":"(anonymous_1)","decl":{"start":{"line":25,"column":25},"end":{"line":25,"column":26}},"loc":{"start":{"line":25,"column":44},"end":{"line":75,"column":1}},"line":25}},"branchMap":{"0":{"loc":{"start":{"line":51,"column":2},"end":{"line":54,"column":3}},"type":"if","locations":[{"start":{"line":51,"column":2},"end":{"line":54,"column":3}},{"start":{"line":51,"column":2},"end":{"line":54,"column":3}}],"line":51},"1":{"loc":{"start":{"line":64,"column":2},"end":{"line":66,"column":3}},"type":"if","locations":[{"start":{"line":64,"column":2},"end":{"line":66,"column":3}},{"start":{"line":64,"column":2},"end":{"line":66,"column":3}}],"line":64}},"s":{"0":1,"1":1,"2":1,"3":1,"4":1,"5":1,"6":1,"7":1,"8":1,"9":0,"10":1,"11":0,"12":0,"13":0,"14":0,"15":0,"16":0,"17":0,"18":0,"19":0,"20":0,"21":0,"22":0,"23":0,"24":0,"25":0,"26":1},"f":{"0":0,"1":0},"b":{"0":[0,0],"1":[0,0]},"_coverageSchema":"1a1c01bbd47fc00a2c39e90264f33305004495a9","hash":"05a31ad75ca876b14a1ebff76c716f76b00fa43b"}
}
