TN:
SF:src\client\js\formValidation.js
FN:10,(anonymous_0)
FN:16,(anonymous_1)
FN:20,(anonymous_2)
FNF:3
FNH:1
FNDA:0,(anonymous_0)
FNDA:0,(anonymous_1)
FNDA:1,(anonymous_2)
DA:1,1
DA:2,1
DA:4,1
DA:5,1
DA:6,1
DA:7,1
DA:10,1
DA:12,0
DA:13,0
DA:16,1
DA:17,0
DA:20,1
DA:22,1
DA:25,1
DA:26,0
DA:30,1
DA:31,0
DA:35,1
DA:36,0
DA:41,1
DA:42,1
DA:43,1
DA:45,1
DA:47,1
DA:51,0
DA:52,0
LF:26
LH:18
BRDA:25,0,0,0
BRDA:25,0,1,1
BRDA:25,1,0,1
BRDA:25,1,1,0
BRDA:30,2,0,0
BRDA:30,2,1,1
BRDA:35,3,0,0
BRDA:35,3,1,1
BRDA:41,4,0,1
BRDA:41,4,1,0
BRF:10
BRH:5
end_of_record
TN:
SF:src\server\api.js
FN:18,getDestinationInfo
FN:37,getFirstDayWeather
FN:63,getWeather
FN:88,getDestinationImg
FNF:4
FNH:0
FNDA:0,getDestinationInfo
FNDA:0,getFirstDayWeather
FNDA:0,getWeather
FNDA:0,getDestinationImg
DA:1,1
DA:8,1
DA:11,1
DA:12,1
DA:13,1
DA:14,1
DA:15,1
DA:20,0
DA:21,0
DA:22,0
DA:24,0
DA:25,0
DA:28,0
DA:30,0
DA:32,0
DA:38,0
DA:39,0
DA:40,0
DA:43,0
DA:44,0
DA:47,0
DA:48,0
DA:50,0
DA:51,0
DA:52,0
DA:65,0
DA:66,0
DA:67,0
DA:69,0
DA:70,0
DA:73,0
DA:74,0
DA:77,0
DA:78,0
DA:79,0
DA:80,0
DA:82,0
DA:90,0
DA:91,0
DA:92,0
DA:95,0
DA:97,0
DA:100,0
DA:102,0
DA:106,0
LF:45
LH:7
BRDA:24,0,0,0
BRDA:24,0,1,0
BRDA:28,1,0,0
BRDA:28,1,1,0
BRDA:43,2,0,0
BRDA:43,2,1,0
BRDA:47,3,0,0
BRDA:47,3,1,0
BRDA:51,4,0,0
BRDA:51,4,1,0
BRDA:69,5,0,0
BRDA:69,5,1,0
BRDA:73,6,0,0
BRDA:73,6,1,0
BRDA:95,7,0,0
BRDA:95,7,1,0
BRDA:100,8,0,0
BRDA:100,8,1,0
BRF:18
BRH:0
end_of_record
TN:
SF:src\server\routes.js
FN:21,(anonymous_0)
FN:25,(anonymous_1)
FNF:2
FNH:0
FNDA:0,(anonymous_0)
FNDA:0,(anonymous_1)
DA:1,1
DA:3,1
DA:6,1
DA:10,1
DA:13,1
DA:14,1
DA:17,1
DA:18,1
DA:21,1
DA:22,0
DA:25,1
DA:27,0
DA:30,0
DA:47,0
DA:48,0
DA:51,0
DA:52,0
DA:53,0
DA:57,0
DA:58,0
DA:61,0
DA:62,0
DA:64,0
DA:65,0
DA:69,0
DA:73,0
DA:77,1
LF:27
LH:11
BRDA:51,0,0,0
BRDA:51,0,1,0
BRDA:64,1,0,0
BRDA:64,1,1,0
BRF:4
BRH:0
end_of_record
